2025-10-02 00:24:10,355 - easytorch-training - INFO - Initializing training.
2025-10-02 00:24:10,355 - easytorch-training - INFO - Building training data loader.
2025-10-02 00:24:10,389 - easytorch-training - INFO - Set optim: Adam (
Parameter Group 0
    amsgrad: False
    betas: (0.9, 0.999)
    capturable: False
    differentiable: False
    eps: 1e-08
    foreach: None
    fused: None
    lr: 0.001
    maximize: False
    weight_decay: 0.00015
)
2025-10-02 00:24:10,389 - easytorch-training - INFO - Set lr_scheduler: <torch.optim.lr_scheduler.MultiStepLR object at 0x000002BF3AFF9400>
2025-10-02 00:24:10,391 - easytorch-training - INFO - Initializing validation.
2025-10-02 00:24:10,391 - easytorch-training - INFO - Building val data loader.
2025-10-02 00:24:10,463 - easytorch-training - INFO - Epoch 1 / 60
2025-10-02 00:24:27,327 - easytorch-training - ERROR - Traceback (most recent call last):
  File "E:\anaconda\envs\PD\lib\site-packages\easytorch\launcher\launcher.py", line 31, in training_func
    runner.train(cfg)
  File "E:\anaconda\envs\PD\lib\site-packages\easytorch\core\runner.py", line 341, in train
    self.backward(loss)
  File "E:\anaconda\envs\PD\lib\site-packages\easytorch\core\runner.py", line 487, in backward
    loss.backward()
  File "E:\anaconda\envs\PD\lib\site-packages\torch\_tensor.py", line 487, in backward
    torch.autograd.backward(
  File "E:\anaconda\envs\PD\lib\site-packages\torch\autograd\__init__.py", line 200, in backward
    Variable._execution_engine.run_backward(  # Calls into the C++ engine to run the backward pass
KeyboardInterrupt

